

Microchip MPLAB XC8 Assembler V2.46 build 20240104201356 
                                                                                               Sat Jan 27 20:09:39 2024

Microchip MPLAB XC8 C Compiler v2.46 (Free license) build 20240104201356 Og1 
     1                           	processor	18F4620
     2                           	fnconf	rparam,??,?,0
     3                           	pagewidth 120
     4                           	opt	flic
     5                           	psect	cinit,global,reloc=2,class=CODE,delta=1
     6                           	psect	cstackCOMRAM,global,class=COMRAM,space=1,delta=1,lowdata,noexec
     7                           	psect	text0,global,reloc=2,class=CODE,delta=1
     8                           	psect	smallconst,global,reloc=2,class=SMALLCONST,delta=1,noexec
     9                           	psect	intsave_regs,global,class=BIGRAM,space=1,delta=1,noexec
    10                           	psect	rparam,global,class=COMRAM,space=1,delta=1,noexec
    11   000000                     
    12                           ; Generated 23/03/2023 GMT
    13                           ; 
    14                           ; Copyright © 2023, Microchip Technology Inc. and its subsidiaries ("Microchip")
    15                           ; All rights reserved.
    16                           ; 
    17                           ; This software is developed by Microchip Technology Inc. and its subsidiaries ("Microch
      +                          ip").
    18                           ; 
    19                           ; Redistribution and use in source and binary forms, with or without modification, are
    20                           ; permitted provided that the following conditions are met:
    21                           ; 
    22                           ;     1. Redistributions of source code must retain the above copyright notice, this lis
      +                          t of
    23                           ;        conditions and the following disclaimer.
    24                           ; 
    25                           ;     2. Redistributions in binary form must reproduce the above copyright notice, this 
      +                          list
    26                           ;        of conditions and the following disclaimer in the documentation and/or other
    27                           ;        materials provided with the distribution. Publication is not required when
    28                           ;        this file is used in an embedded application.
    29                           ; 
    30                           ;     3. Microchip's name may not be used to endorse or promote products derived from th
      +                          is
    31                           ;        software without specific prior written permission.
    32                           ; 
    33                           ; THIS SOFTWARE IS PROVIDED BY MICROCHIP "AS IS" AND ANY EXPRESS OR IMPLIED WARRANTIES,
    34                           ; INCLUDING, BUT NOT LIMITED TO, THE IMPLIED WARRANTIES OF MERCHANTABILITY AND FITNESS F
      +                          OR
    35                           ; PURPOSE ARE DISCLAIMED.  IN NO EVENT SHALL MICROCHIP BE LIABLE FOR ANY DIRECT, INDIREC
      +                          T,
    36                           ; INCIDENTAL, SPECIAL, EXEMPLARY, OR CONSEQUENTIAL DAMAGES (INCLUDING BUT NOT LIMITED TO
    37                           ; PROCUREMENT OF SUBSTITUTE GOODS OR SERVICES; LOSS OF USE, DATA OR PROFITS; OR BUSINESS
    38                           ; INTERRUPTION) HOWSOEVER CAUSED AND ON ANY THEORY OF LIABILITY, WHETHER IN CONTRACT, ST
      +                          RICT
    39                           ; LIABILITY, OR TORT (INCLUDING NEGLIGENCE OR OTHERWISE) ARISING IN ANY WAY OUT OF THE U
      +                          SE OF
    40                           ; THIS SOFTWARE, EVEN IF ADVISED OF THE POSSIBILITY OF SUCH DAMAGE.
    41                           ; 
    42                           ; 
    43                           ; Code-generator required, PIC18F4620 Definitions
    44                           ; 
    45                           ; SFR Addresses
    46   000000                     
    47                           ; #config settings
    48                           
    49                           	psect	cinit
    50   001002                     __pcinit:
    51                           	callstack 0
    52   001002                     start_initialization:
    53                           	callstack 0
    54   001002                     __initialization:
    55                           	callstack 0
    56   001002                     end_of_initialization:
    57                           	callstack 0
    58   001002                     __end_of__initialization:
    59                           	callstack 0
    60   001002  0100               	movlb	0
    61   001004  EF04  F008         	goto	_main	;jump to C main() function
    62                           
    63                           	psect	cstackCOMRAM
    64   000001                     __pcstackCOMRAM:
    65                           	callstack 0
    66   000001                     
    67                           ; 2 bytes @ 0x0
    68   000001                     	ds	2
    69   000003                     
    70                           ; 3 bytes @ 0x2
    71   000003                     	ds	3
    72   000006                     
    73                           ; 1 bytes @ 0x5
    74 ;;
    75 ;;Main: autosize = 0, tempsize = 0, incstack = 0, save=0
    76 ;;
    77 ;; *************** function _main *****************
    78 ;; Defined at:
    79 ;;		line 14 in file "application.c"
    80 ;; Parameters:    Size  Location     Type
    81 ;;  argc            2    0[COMRAM] int 
    82 ;;  argv            3    2[COMRAM] PTR PTR unsigned char 
    83 ;; Auto vars:     Size  Location     Type
    84 ;;		None
    85 ;; Return value:  Size  Location     Type
    86 ;;                  2    0[COMRAM] int 
    87 ;; Registers used:
    88 ;;		None
    89 ;; Tracked objects:
    90 ;;		On entry : 0/0
    91 ;;		On exit  : 0/0
    92 ;;		Unchanged: 0/0
    93 ;; Data sizes:     COMRAM   BANK0   BANK1   BANK2   BANK3   BANK4   BANK5   BANK6   BANK7   BANK8   BANK9  BANK10  BANK1
      +1  BANK12  BANK13  BANK14  BANK15
    94 ;;      Params:         5       0       0       0       0       0       0       0       0       0       0       0       
      +0       0       0       0       0
    95 ;;      Locals:         0       0       0       0       0       0       0       0       0       0       0       0       
      +0       0       0       0       0
    96 ;;      Temps:          0       0       0       0       0       0       0       0       0       0       0       0       
      +0       0       0       0       0
    97 ;;      Totals:         5       0       0       0       0       0       0       0       0       0       0       0       
      +0       0       0       0       0
    98 ;;Total ram usage:        5 bytes
    99 ;; This function calls:
   100 ;;		Nothing
   101 ;; This function is called by:
   102 ;;		Startup code after reset
   103 ;; This function uses a non-reentrant model
   104 ;;
   105                           
   106                           	psect	text0
   107   001008                     __ptext0:
   108                           	callstack 0
   109   001008                     _main:
   110                           	callstack 31
   111   001008  EF00  F000         	goto	start
   112   00100C                     __end_of_main:
   113                           	callstack 0
   114                           
   115                           	psect	smallconst
   116   001000                     __psmallconst:
   117                           	callstack 0
   118   001000  00                 	db	0
   119   001001  00                 	db	0	; dummy byte at the end
   120   000000                     
   121                           	psect	rparam
   122   000000                     tosu	equ	0xFFF
   123                           tosh	equ	0xFFE
   124                           tosl	equ	0xFFD
   125                           stkptr	equ	0xFFC
   126                           pclatu	equ	0xFFB
   127                           pclath	equ	0xFFA
   128                           pcl	equ	0xFF9
   129                           tblptru	equ	0xFF8
   130                           tblptrh	equ	0xFF7
   131                           tblptrl	equ	0xFF6
   132                           tablat	equ	0xFF5
   133                           prodh	equ	0xFF4
   134                           prodl	equ	0xFF3
   135                           indf0	equ	0xFEF
   136                           postinc0	equ	0xFEE
   137                           postdec0	equ	0xFED
   138                           preinc0	equ	0xFEC
   139                           plusw0	equ	0xFEB
   140                           fsr0h	equ	0xFEA
   141                           fsr0l	equ	0xFE9
   142                           wreg	equ	0xFE8
   143                           indf1	equ	0xFE7
   144                           postinc1	equ	0xFE6
   145                           postdec1	equ	0xFE5
   146                           preinc1	equ	0xFE4
   147                           plusw1	equ	0xFE3
   148                           fsr1h	equ	0xFE2
   149                           fsr1l	equ	0xFE1
   150                           bsr	equ	0xFE0
   151                           indf2	equ	0xFDF
   152                           postinc2	equ	0xFDE
   153                           postdec2	equ	0xFDD
   154                           preinc2	equ	0xFDC
   155                           plusw2	equ	0xFDB
   156                           fsr2h	equ	0xFDA
   157                           fsr2l	equ	0xFD9
   158                           status	equ	0xFD8

Data Sizes:
    Strings     0
    Constant    0
    Data        0
    BSS         0
    Persistent  0
    Stack       0

Auto Spaces:
    Space          Size  Autos    Used
    COMRAM          127      5       5
    BANK0           128      0       0
    BANK1           256      0       0
    BANK2           256      0       0
    BANK3           256      0       0
    BANK4           256      0       0
    BANK5           256      0       0
    BANK6           256      0       0
    BANK7           256      0       0
    BANK8           256      0       0
    BANK9           256      0       0
    BANK10          256      0       0
    BANK11          256      0       0
    BANK12          256      0       0
    BANK13          256      0       0
    BANK14          256      0       0
    BANK15          128      0       0

Pointer List with Targets:

    None.

Critical Paths under _main in COMRAM

    None.

Critical Paths under _main in BANK0

    None.

Critical Paths under _main in BANK1

    None.

Critical Paths under _main in BANK2

    None.

Critical Paths under _main in BANK3

    None.

Critical Paths under _main in BANK4

    None.

Critical Paths under _main in BANK5

    None.

Critical Paths under _main in BANK6

    None.

Critical Paths under _main in BANK7

    None.

Critical Paths under _main in BANK8

    None.

Critical Paths under _main in BANK9

    None.

Critical Paths under _main in BANK10

    None.

Critical Paths under _main in BANK11

    None.

Critical Paths under _main in BANK12

    None.

Critical Paths under _main in BANK13

    None.

Critical Paths under _main in BANK14

    None.

Critical Paths under _main in BANK15

    None.

Call Graph Tables:

 ---------------------------------------------------------------------------------
 (Depth) Function   	        Calls       Base Space   Used Autos Params    Refs
 ---------------------------------------------------------------------------------
 (0) _main                                                 5     0      5       0
                                              0 COMRAM     5     0      5
 ---------------------------------------------------------------------------------
 Estimated maximum stack depth 0
 ---------------------------------------------------------------------------------

 Call Graph Graphs:

 _main (ROOT)

 Address spaces:
Name               Size   Autos  Total    Cost      Usage
BITCOMRAM           7F      0       0       0        0.0%
EEDATA             400      0       0       0        0.0%
NULL                 0      0       0       0        0.0%
CODE                 0      0       0       0        0.0%
COMRAM              7F      5       5       1        3.9%
STACK                0      0       0       2        0.0%
DATA                 0      0       0       3        0.0%
BITBANK0            80      0       0       4        0.0%
BANK0               80      0       0       5        0.0%
BITBANK1           100      0       0       6        0.0%
BANK1              100      0       0       7        0.0%
BITBANK2           100      0       0       8        0.0%
BANK2              100      0       0       9        0.0%
BITBANK3           100      0       0      10        0.0%
BANK3              100      0       0      11        0.0%
ABS                  0      0       0      12        0.0%
BITBANK4           100      0       0      13        0.0%
BANK4              100      0       0      14        0.0%
BITBANK5           100      0       0      15        0.0%
BANK5              100      0       0      16        0.0%
BITBANK6           100      0       0      17        0.0%
BANK6              100      0       0      18        0.0%
BITBANK7           100      0       0      19        0.0%
BANK7              100      0       0      20        0.0%
BITBANK8           100      0       0      21        0.0%
BANK8              100      0       0      22        0.0%
BITBANK9           100      0       0      23        0.0%
BANK9              100      0       0      24        0.0%
BITBANK10          100      0       0      25        0.0%
BANK10             100      0       0      26        0.0%
BITBANK11          100      0       0      27        0.0%
BANK11             100      0       0      28        0.0%
BITBANK12          100      0       0      29        0.0%
BANK12             100      0       0      30        0.0%
BITBANK13          100      0       0      31        0.0%
BANK13             100      0       0      32        0.0%
BITBANK14          100      0       0      33        0.0%
BANK14             100      0       0      34        0.0%
BITBANK15           80      0       0      35        0.0%
BANK15              80      0       0      36        0.0%
BITBIGSFR           80      0       0      37        0.0%
BIGRAM             F7F      0       0      38        0.0%
BIGSFR               0      0       0     200        0.0%
BITSFR               0      0       0     200        0.0%
SFR                  0      0       0     200        0.0%


Microchip Technology PIC18 Macro Assembler V2.46 build 20240104201356 
Symbol Table                                                                                   Sat Jan 27 20:09:39 2024

                      l5 1008                      l683 1008                     _main 1008  
                   start 0000             ___param_bank 0000                    ?_main 0001  
        __initialization 1002             __end_of_main 100C                   ??_main 0006  
          __activetblptr 0000                   isa$std 0001             __mediumconst 0000  
             __accesstop 0080  __end_of__initialization 1002            ___rparam_used 0001  
         __pcstackCOMRAM 0001                  __Hparam 0000                  __Lparam 0000  
           __psmallconst 1000                  __pcinit 1002                  __ramtop 1000  
                __ptext0 1008     end_of_initialization 1002      start_initialization 1002  
            __smallconst 1000                 __Hrparam 0000                 __Lrparam 0000  
               isa$xinst 0000                 main@argc 0001                 main@argv 0003  
